#
# There is insufficient memory for the Java Runtime Environment to continue.
# Native memory allocation (mmap) failed to map 536870912 bytes for G1 virtual space
# Possible reasons:
#   The system is out of physical RAM or swap space
#   The process is running with CompressedOops enabled, and the Java Heap may be blocking the growth of the native heap
# Possible solutions:
#   Reduce memory load on the system
#   Increase physical memory or swap space
#   Check if swap backing store is full
#   Decrease Java heap size (-Xmx/-Xms)
#   Decrease number of Java threads
#   Decrease Java thread stack sizes (-Xss)
#   Set larger code cache with -XX:ReservedCodeCacheSize=
#   JVM is running with Zero Based Compressed Oops mode in which the Java heap is
#     placed in the first 32GB address space. The Java Heap base address is the
#     maximum limit for the native heap growth. Please use -XX:HeapBaseMinAddress
#     to set the Java Heap base and to place the Java Heap above 32GB virtual address.
# This output file may be truncated or incomplete.
#
#  Out of Memory Error (os_windows.cpp:3825), pid=31692, tid=17712
#
# JRE version:  (17.0.10) (build )
# Java VM: OpenJDK 64-Bit Server VM (17.0.10+0--11572160, mixed mode, sharing, tiered, compressed oops, compressed class ptrs, g1 gc, windows-amd64)
# No core dump will be written. Minidumps are not enabled by default on client versions of Windows
#

---------------  S U M M A R Y ------------

Command Line: org.jetbrains.kotlin.cli.jvm.K2JVMCompiler @D:\xampp\htdocs\proyecto_mighty_taxi\MightyTaxiSourceCode\Rider-17\build\device_info_plus\20260116_18250456103850990585.compiler.options

Host: Intel(R) Core(TM) i7-6600U CPU @ 2.60GHz, 4 cores, 31G,  Windows 10 , 64 bit Build 19041 (10.0.19041.5915)
Time: Fri Jan 16 11:28:09 2026 Hora est. Pac璗ico, Sudam廨ica elapsed time: 0.158130 seconds (0d 0h 0m 0s)

---------------  T H R E A D  ---------------

Current thread (0x0000020da8c35e60):  JavaThread "Unknown thread" [_thread_in_vm, id=17712, stack(0x00000022c0200000,0x00000022c0300000)]

Stack: [0x00000022c0200000,0x00000022c0300000]
Native frames: (J=compiled Java code, j=interpreted, Vv=VM code, C=native code)
V  [jvm.dll+0x688e89]
V  [jvm.dll+0x84247a]
V  [jvm.dll+0x8440be]
V  [jvm.dll+0x844723]
V  [jvm.dll+0x24be0f]
V  [jvm.dll+0x685c59]
V  [jvm.dll+0x67a50a]
V  [jvm.dll+0x30cbab]
V  [jvm.dll+0x314056]
V  [jvm.dll+0x363dce]
V  [jvm.dll+0x363fff]
V  [jvm.dll+0x2e2978]
V  [jvm.dll+0x2e38e4]
V  [jvm.dll+0x813011]
V  [jvm.dll+0x371c81]
V  [jvm.dll+0x7f1b66]
V  [jvm.dll+0x3f58df]
V  [jvm.dll+0x3f7511]
C  [jli.dll+0x528f]
C  [ucrtbase.dll+0x21bb2]
C  [KERNEL32.DLL+0x17374]
C  [ntdll.dll+0x4cc91]


---------------  P R O C E S S  ---------------

Threads class SMR info:
_java_thread_list=0x00007fff221def58, length=0, elements={
}

Java Threads: ( => current thread )

Other Threads:
  0x0000020da8ce06d0 GCTaskThread "GC Thread#0" [stack: 0x00000022c0300000,0x00000022c0400000] [id=30716]
  0x0000020dce034050 ConcurrentGCThread "G1 Main Marker" [stack: 0x00000022c0400000,0x00000022c0500000] [id=2292]
  0x0000020dce034a70 ConcurrentGCThread "G1 Conc#0" [stack: 0x00000022c0500000,0x00000022c0600000] [id=17856]

[error occurred during error reporting (printing all threads), id 0xc0000005, EXCEPTION_ACCESS_VIOLATION (0xc0000005) at pc=0x00007fff21993547]

VM state: not at safepoint (not fully initialized)

VM Mutex/Monitor currently owned by a thread:  ([mutex/lock_event])
[0x0000020da8c313f0] Heap_lock - owner thread: 0x0000020da8c35e60

Heap address: 0x0000000601c00000, size: 8164 MB, Compressed Oops mode: Zero based, Oop shift amount: 3

CDS archive(s) mapped at: [0x0000000000000000-0x0000000000000000-0x0000000000000000), size 0, SharedBaseAddress: 0x0000000800000000, ArchiveRelocationMode: 1.
Narrow klass base: 0x0000000000000000, Narrow klass shift: 0, Narrow klass range: 0x0

GC Precious Log:
<Empty>

Heap:
 garbage-first heap   total 0K, used 0K [0x0000000601c00000, 0x0000000800000000)
  region size 4096K, 0 young (0K), 0 survivors (0K)
 Metaspace       used 0K, committed 0K, reserved 0K
  class space    used 0K, committed 0K, reserved 0K

Heap Regions: E=young(eden), S=young(survivor), O=old, HS=humongous(starts), HC=humongous(continues), CS=collection set, F=free, OA=open archive, CA=closed archive, TAMS=top-at-mark-start (previous, next)

Card table byte_map: [0x0000020dbc110000,0x0000020dbd110000] _byte_map_base: 0x0000020db9102000

Marking Bits (Prev, Next): (CMBitMap*) 0x0000020da8ce0cf0, (CMBitMap*) 0x0000020da8ce0d30
 Prev Bits: [0x0000020dbe110000, 0x0000020dc60a0000)
 Next Bits: [0x0000020dc60a0000, 0x0000020dce030000)

GC Heap History (0 events):
No events

Dll operation events (1 events):
Event: 0.016 Loaded shared library C:\Program Files\Android\Android Studio\jbr\bin\java.dll

Deoptimization events (0 events):
No events

Classes unloaded (0 events):
No events

Classes redefined (0 events):
No events

Internal exceptions (0 events):
No events

VM Operations (0 events):
No events

Events (0 events):
No events


Dynamic libraries:
0x00007ff7673d0000 - 0x00007ff7673da000 	C:\Program Files\Android\Android Studio\jbr\bin\java.exe
0x00007fffc9790000 - 0x00007fffc9988000 	C:\Windows\SYSTEM32\ntdll.dll
0x00007fffc88d0000 - 0x00007fffc8992000 	C:\Windows\System32\KERNEL32.DLL
0x00007fffc70d0000 - 0x00007fffc73c6000 	C:\Windows\System32\KERNELBASE.dll
0x00007fffc7600000 - 0x00007fffc7700000 	C:\Windows\System32\ucrtbase.dll
0x00007fffbe4d0000 - 0x00007fffbe4e7000 	C:\Program Files\Android\Android Studio\jbr\bin\jli.dll
0x00007fffc8390000 - 0x00007fffc8531000 	C:\Windows\System32\USER32.dll
0x00007fffc6f40000 - 0x00007fffc6f62000 	C:\Windows\System32\win32u.dll
0x00007fffc9130000 - 0x00007fffc915b000 	C:\Windows\System32\GDI32.dll
0x00007fffc73d0000 - 0x00007fffc74e9000 	C:\Windows\System32\gdi32full.dll
0x00007fffc6ea0000 - 0x00007fffc6f3d000 	C:\Windows\System32\msvcp_win.dll
0x00007fffbe4b0000 - 0x00007fffbe4cb000 	C:\Program Files\Android\Android Studio\jbr\bin\VCRUNTIME140.dll
0x00007fffa9f80000 - 0x00007fffaa21b000 	C:\Windows\WinSxS\amd64_microsoft.windows.common-controls_6595b64144ccf1df_6.0.19041.6456_none_60b8a6cb71f64256\COMCTL32.dll
0x00007fffc7b20000 - 0x00007fffc7bbe000 	C:\Windows\System32\msvcrt.dll
0x00007fffc88a0000 - 0x00007fffc88cf000 	C:\Windows\System32\IMM32.DLL
0x00007fffbe570000 - 0x00007fffbe57c000 	C:\Program Files\Android\Android Studio\jbr\bin\vcruntime140_1.dll
0x00007fff78720000 - 0x00007fff787ad000 	C:\Program Files\Android\Android Studio\jbr\bin\msvcp140.dll
0x00007fff216a0000 - 0x00007fff22323000 	C:\Program Files\Android\Android Studio\jbr\bin\server\jvm.dll
0x00007fffc7a60000 - 0x00007fffc7b11000 	C:\Windows\System32\ADVAPI32.dll
0x00007fffc77b0000 - 0x00007fffc784f000 	C:\Windows\System32\sechost.dll
0x00007fffc91d0000 - 0x00007fffc92f0000 	C:\Windows\System32\RPCRT4.dll
0x00007fffc7580000 - 0x00007fffc75a7000 	C:\Windows\System32\bcrypt.dll
0x00007fffc6bd0000 - 0x00007fffc6c1b000 	C:\Windows\SYSTEM32\POWRPROF.dll
0x00007fffa8e30000 - 0x00007fffa8e39000 	C:\Windows\SYSTEM32\WSOCK32.dll
0x00007fffc9060000 - 0x00007fffc90cb000 	C:\Windows\System32\WS2_32.dll
0x00007fffa6eb0000 - 0x00007fffa6ed7000 	C:\Windows\SYSTEM32\WINMM.dll
0x00007fffbab60000 - 0x00007fffbab6a000 	C:\Windows\SYSTEM32\VERSION.dll
0x00007fffc6bb0000 - 0x00007fffc6bc2000 	C:\Windows\SYSTEM32\UMPDC.dll
0x00007fffc4ce0000 - 0x00007fffc4cf2000 	C:\Windows\SYSTEM32\kernel.appcore.dll
0x00007fffbb3c0000 - 0x00007fffbb3ca000 	C:\Program Files\Android\Android Studio\jbr\bin\jimage.dll
0x00007fffc1990000 - 0x00007fffc1b91000 	C:\Windows\SYSTEM32\DBGHELP.DLL
0x00007fffa9f00000 - 0x00007fffa9f34000 	C:\Windows\SYSTEM32\dbgcore.DLL
0x00007fffc74f0000 - 0x00007fffc7572000 	C:\Windows\System32\bcryptPrimitives.dll
0x00007fffa8900000 - 0x00007fffa8925000 	C:\Program Files\Android\Android Studio\jbr\bin\java.dll

dbghelp: loaded successfully - version: 4.0.5 - missing functions: none
symbol engine: initialized successfully - sym options: 0x614 - pdb path: .;C:\Program Files\Android\Android Studio\jbr\bin;C:\Windows\SYSTEM32;C:\Windows\WinSxS\amd64_microsoft.windows.common-controls_6595b64144ccf1df_6.0.19041.6456_none_60b8a6cb71f64256;C:\Program Files\Android\Android Studio\jbr\bin\server

VM Arguments:
java_command: org.jetbrains.kotlin.cli.jvm.K2JVMCompiler @D:\xampp\htdocs\proyecto_mighty_taxi\MightyTaxiSourceCode\Rider-17\build\device_info_plus\20260116_18250456103850990585.compiler.options
java_class_path (initial): C:\Users\usuario\.gradle\caches\modules-2\files-2.1\org.jetbrains.kotlin\kotlin-compiler-embeddable\2.0.21\79346ed53db48b18312a472602eb5c057070c54d\kotlin-compiler-embeddable-2.0.21.jar;C:\Users\usuario\.gradle\caches\modules-2\files-2.1\org.jetbrains.kotlin\kotlin-stdlib\2.0.21\618b539767b4899b4660a83006e052b63f1db551\kotlin-stdlib-2.0.21.jar;C:\Users\usuario\.gradle\caches\modules-2\files-2.1\org.jetbrains.kotlin\kotlin-script-runtime\2.0.21\c9b044380ad41f89aa89aa896c2d32a8c0b2129d\kotlin-script-runtime-2.0.21.jar;C:\Users\usuario\.gradle\caches\modules-2\files-2.1\org.jetbrains.kotlin\kotlin-reflect\2.0.21\669e1d35e4ca1797f9ddb2830dd6c36c0ca531e4\kotlin-reflect-2.0.21.jar;C:\Users\usuario\.gradle\caches\modules-2\files-2.1\org.jetbrains.kotlin\kotlin-daemon-embeddable\2.0.21\c9e933b23287de9b5a17e2116b4657bb91aea72c\kotlin-daemon-embeddable-2.0.21.jar;C:\Users\usuario\.gradle\caches\modules-2\files-2.1\org.jetbrains.intellij.deps\trove4j\1.0.20200330\3afb14d5f9ceb459d724e907a21145e8ff394f02\trove4j-1.0.20200330.jar;C:\Users\usuario\.gradle\caches\modules-2\files-2.1\org.jetbrains.kotlinx\kotlinx-coroutines-core-jvm\1.6.4\2c997cd1c0ef33f3e751d3831929aeff1390cb30\kotlinx-coroutines-core-jvm-1.6.4.jar;C:\Users\usuario\.gradle\caches\modules-2\files-2.1\org.jetbrains\annotations\13.0\919f0dfe192fb4e063e7dacadee7f8bb9a2672a9\annotations-13.0.jar
Launcher Type: SUN_STANDARD

[Global flags]
     intx CICompilerCount                          = 3                                         {product} {ergonomic}
     uint ConcGCThreads                            = 1                                         {product} {ergonomic}
     uint G1ConcRefinementThreads                  = 4                                         {product} {ergonomic}
   size_t G1HeapRegionSize                         = 4194304                                   {product} {ergonomic}
    uintx GCDrainStackTargetSize                   = 64                                        {product} {ergonomic}
   size_t InitialHeapSize                          = 536870912                                 {product} {ergonomic}
   size_t MarkStackSize                            = 4194304                                   {product} {ergonomic}
   size_t MaxHeapSize                              = 8560574464                                {product} {ergonomic}
   size_t MinHeapDeltaBytes                        = 4194304                                   {product} {ergonomic}
   size_t MinHeapSize                              = 8388608                                   {product} {ergonomic}
    uintx NonNMethodCodeHeapSize                   = 5832780                                {pd product} {ergonomic}
    uintx NonProfiledCodeHeapSize                  = 122912730                              {pd product} {ergonomic}
    uintx ProfiledCodeHeapSize                     = 122912730                              {pd product} {ergonomic}
    uintx ReservedCodeCacheSize                    = 251658240                              {pd product} {ergonomic}
     bool SegmentedCodeCache                       = true                                      {product} {ergonomic}
   size_t SoftMaxHeapSize                          = 8560574464                             {manageable} {ergonomic}
     bool UseCompressedClassPointers               = true                           {product lp64_product} {ergonomic}
     bool UseCompressedOops                        = true                           {product lp64_product} {ergonomic}
     bool UseG1GC                                  = true                                      {product} {ergonomic}
     bool UseLargePagesIndividualAllocation        = false                                  {pd product} {ergonomic}

Logging:
Log output configuration:
 #0: stdout all=warning uptime,level,tags
 #1: stderr all=off uptime,level,tags

Environment Variables:
JAVA_HOME=C:\Program Files\Android\Android Studio\jbr
CLASSPATH=D:\xampp\htdocs\proyecto_mighty_taxi\MightyTaxiSourceCode\Rider-17\android\\gradle\wrapper\gradle-wrapper.jar
PATH=C:\Program Files\Android\Android Studio\jbr\bin;C:\Users\usuario\bin;C:\Program Files\Git\mingw64\bin;C:\Program Files\Git\usr\local\bin;C:\Program Files\Git\usr\bin;C:\Program Files\Git\usr\bin;C:\Program Files\Git\mingw64\bin;C:\Program Files\Git\usr\bin;C:\Users\usuario\bin;C:\Program Files (x86)\VMware\VMware Workstation\bin;C:\Program Files\Common Files\Oracle\Java\javapath;C:\Windows\system32;C:\Windows;C:\Windows\System32\Wbem;C:\Windows\System32\WindowsPowerShell\v1.0;C:\Windows\System32\OpenSSH;C:\Program Files (x86)\Intel\Intel(R) Management Engine Components\DAL;C:\Program Files\Intel\Intel(R) Management Engine Components\DAL;C:\Program Files\Git\cmd;C:\ProgramData\ComposerSetup\bin;C:\dev\flutter\bin;C:\Program Files\nodejs;C:\Program Files (x86)\Microsoft SQL Server\150\Tools\Binn;C:\Program Files\Microsoft SQL Server\150\Tools\Binn;C:\Program Files (x86)\Microsoft SQL Server\150\DTS\Binn;C:\Program Files\Microsoft SQL Server\150\DTS\Binn;C:\Program Files\Microsoft SQL Server\Client SDK\ODBC\170\Tools\Binn;C:\Program Files (x86)\cloudflared;D:\xampp\php;C:\Program Files\Java\jdk-17\bin;C:\Gradle\gradle-8.12\bin;C:\Program Files\PostgreSQL\17\bin;C:\Program Files\PuTTY;C:\Program Files\Void\bin;C:\Users\usuario\AppData\Local\Android\Sdk\platform-tools;C:\Users\usuario\AppData\Local\Android\Sdk\tools;D:\Program Files\cursor\resources\app\bin;C:\Program Files\Git\usr\bin\vendor_perl;C:\Program Files\Git\usr\bin\core_perl
USERNAME=usuario
SHELL=C:\Program Files\Git\usr\bin\bash.exe
DISPLAY=needs-to-be-defined
LC_CTYPE=es_ES.UTF-8
TERM=xterm
TMPDIR=C:\Users\usuario\AppData\Local\Temp
OS=MINGW64_NT-10.0-19045
PROCESSOR_IDENTIFIER=Intel64 Family 6 Model 78 Stepping 3, GenuineIntel
TMP=C:\Users\usuario\AppData\Local\Temp
TEMP=C:\Users\usuario\AppData\Local\Temp



Periodic native trim disabled

JNI global refs:
JNI global refs: 0, weak refs: 0

JNI global refs memory usage: 0, weak refs: 0

OOME stack traces (most recent first):
Classloader memory used:


---------------  S Y S T E M  ---------------

OS:
 Windows 10 , 64 bit Build 19041 (10.0.19041.5915)
OS uptime: 1 days 13:51 hours
Hyper-V role detected

CPU: total 4 (initial active 4) (2 cores per cpu, 2 threads per core) family 6 model 78 stepping 3 microcode 0xcc, cx8, cmov, fxsr, ht, mmx, 3dnowpref, sse, sse2, sse3, ssse3, sse4.1, sse4.2, popcnt, lzcnt, tsc, tscinvbit, avx, avx2, aes, erms, clmul, bmi1, bmi2, rtm, adx, fma, vzeroupper, clflush, clflushopt, hv
Processor Information for all 4 processors :
  Max Mhz: 2808, Current Mhz: 2607, Mhz Limit: 2583

Memory: 4k page, system-wide physical 32648M (5061M free)
TotalPageFile size 52728M (AvailPageFile size 434M)
current process WorkingSet (physical memory assigned to process): 11M, peak: 11M
current process commit charge ("private bytes"): 52M, peak: 564M

vm_info: OpenJDK 64-Bit Server VM (17.0.10+0--11572160) for windows-amd64 JRE (17.0.10+0--11572160), built on Mar 13 2024 23:56:38 by "androidbuild" with MS VC++ 16.10 / 16.11 (VS2019)

END.
